<?xml version="1.0" encoding="utf-8"?><testsuites name="pytest tests"><testsuite name="pytest" errors="0" failures="2" skipped="0" tests="16" time="4.819" timestamp="2026-01-20T11:02:33.383939+00:00" hostname="agent-env-f6efacc4-f20b-401b-acae-0d7d23014fc7"><testcase classname="tests.test_geospatial_suggestions.TestHealthCheck" name="test_api_health" time="0.081" /><testcase classname="tests.test_geospatial_suggestions.TestMatchingTripsEndpoint" name="test_matching_trips_sp_to_rio" time="0.331" /><testcase classname="tests.test_geospatial_suggestions.TestMatchingTripsEndpoint" name="test_matching_trips_intra_city" time="0.337" /><testcase classname="tests.test_geospatial_suggestions.TestMatchingTripsEndpoint" name="test_matching_trips_requires_auth" time="0.041" /><testcase classname="tests.test_geospatial_suggestions.TestMatchingTripsEndpoint" name="test_matching_trips_validates_coordinates" time="0.297" /><testcase classname="tests.test_geospatial_suggestions.TestDateSuggestionsEndpoint" name="test_date_suggestions_geospatial" time="0.364" /><testcase classname="tests.test_geospatial_suggestions.TestDateSuggestionsEndpoint" name="test_date_suggestions_for_trip" time="0.335" /><testcase classname="tests.test_geospatial_suggestions.TestComprehensiveSuggestionsEndpoint" name="test_comprehensive_suggestions" time="0.386" /><testcase classname="tests.test_geospatial_suggestions.TestComprehensiveSuggestionsEndpoint" name="test_comprehensive_suggestions_intra_city" time="0.392" /><testcase classname="tests.test_geospatial_suggestions.TestLocationSuggestionsEndpoint" name="test_origin_location_suggestions" time="0.337" /><testcase classname="tests.test_geospatial_suggestions.TestLocationSuggestionsEndpoint" name="test_destination_location_suggestions" time="0.297" /><testcase classname="tests.test_geospatial_suggestions.TestTimeSlotsEndpoint" name="test_time_slots_geospatial" time="0.297" /><testcase classname="tests.test_geospatial_suggestions.TestLegacyEndpointsBackwardCompatibility" name="test_legacy_date_suggestions" time="0.357" /><testcase classname="tests.test_geospatial_suggestions.TestLegacyEndpointsBackwardCompatibility" name="test_legacy_time_slots" time="0.297" /><testcase classname="tests.test_geospatial_suggestions.TestCreateTripWithCoordinatesForMatching" name="test_create_trip_sp_to_rio" time="0.290"><failure message="assert 403 == 200&#10; +  where 403 = &lt;Response [403]&gt;.status_code">tests/test_geospatial_suggestions.py:541: in test_create_trip_sp_to_rio
    assert response.status_code == 200
E   assert 403 == 200
E    +  where 403 = &lt;Response [403]&gt;.status_code</failure></testcase><testcase classname="tests.test_geospatial_suggestions.TestCreateTripWithCoordinatesForMatching" name="test_verify_matching_after_trip_creation" time="0.292"><failure message="assert 403 == 200&#10; +  where 403 = &lt;Response [403]&gt;.status_code">tests/test_geospatial_suggestions.py:587: in test_verify_matching_after_trip_creation
    assert create_response.status_code == 200
E   assert 403 == 200
E    +  where 403 = &lt;Response [403]&gt;.status_code</failure></testcase></testsuite></testsuites>