<?xml version="1.0" encoding="utf-8"?><testsuites name="pytest tests"><testsuite name="pytest" errors="0" failures="0" skipped="0" tests="14" time="3.806" timestamp="2026-01-12T13:28:21.477169+00:00" hostname="agent-env-93856627-2109-49b0-8b78-9e9b9227a106"><testcase classname="tests.test_levva_api.TestHealthCheck" name="test_health_endpoint" time="0.076" /><testcase classname="tests.test_levva_api.TestAuthentication" name="test_login_regular_user" time="0.264" /><testcase classname="tests.test_levva_api.TestAuthentication" name="test_login_admin_user" time="0.297" /><testcase classname="tests.test_levva_api.TestAuthentication" name="test_login_invalid_credentials" time="0.034" /><testcase classname="tests.test_levva_api.TestMatches" name="test_get_my_matches" time="0.302" /><testcase classname="tests.test_levva_api.TestMatches" name="test_get_match_details" time="0.300" /><testcase classname="tests.test_levva_api.TestMatches" name="test_get_match_details_not_found" time="0.301" /><testcase classname="tests.test_levva_api.TestChat" name="test_get_chat_messages" time="0.299" /><testcase classname="tests.test_levva_api.TestChat" name="test_send_chat_message" time="0.295" /><testcase classname="tests.test_levva_api.TestChat" name="test_chat_unauthorized_match" time="0.295" /><testcase classname="tests.test_levva_api.TestAdmin" name="test_get_admin_stats" time="0.298" /><testcase classname="tests.test_levva_api.TestAdmin" name="test_get_pending_verifications" time="0.330" /><testcase classname="tests.test_levva_api.TestAdmin" name="test_admin_stats_unauthorized" time="0.293" /><testcase classname="tests.test_levva_api.TestMatchCreation" name="test_create_match" time="0.305" /></testsuite></testsuites>