<?xml version="1.0" encoding="utf-8"?><testsuites name="pytest tests"><testsuite name="pytest" errors="0" failures="1" skipped="0" tests="13" time="4.923" timestamp="2026-01-12T17:31:34.124939+00:00" hostname="agent-env-78026a00-89fa-49b0-88ca-d48172e2efb9"><testcase classname="tests.test_suggestions_pricing_recurring.TestHealthCheck" name="test_api_health" time="0.060" /><testcase classname="tests.test_suggestions_pricing_recurring.TestCalculateSuggestedPrice" name="test_calculate_price_sp_to_campinas" time="0.039"><failure message="assert 23.77 == 23.75&#10; +  where 23.75 = round((4.75 * 5), 2)">tests/test_suggestions_pricing_recurring.py:94: in test_calculate_price_sp_to_campinas
    assert data["examples"]["5kg"] == round(data["suggested_price_per_kg"] * 5, 2)
E   assert 23.77 == 23.75
E    +  where 23.75 = round((4.75 * 5), 2)</failure></testcase><testcase classname="tests.test_suggestions_pricing_recurring.TestCalculateSuggestedPrice" name="test_calculate_price_short_distance" time="0.037" /><testcase classname="tests.test_suggestions_pricing_recurring.TestCalculateSuggestedPrice" name="test_calculate_price_long_distance" time="0.039" /><testcase classname="tests.test_suggestions_pricing_recurring.TestMatchSuggestions" name="test_carrier_gets_shipment_suggestions" time="0.334" /><testcase classname="tests.test_suggestions_pricing_recurring.TestMatchSuggestions" name="test_sender_gets_trip_suggestions" time="0.400" /><testcase classname="tests.test_suggestions_pricing_recurring.TestMatchSuggestions" name="test_suggestions_sorted_by_score" time="0.333" /><testcase classname="tests.test_suggestions_pricing_recurring.TestMatchSuggestions" name="test_suggestions_require_auth" time="0.037" /><testcase classname="tests.test_suggestions_pricing_recurring.TestRecurringTripCreation" name="test_create_recurring_trip" time="1.007" /><testcase classname="tests.test_suggestions_pricing_recurring.TestRecurringTripCreation" name="test_create_non_recurring_trip" time="0.894" /><testcase classname="tests.test_suggestions_pricing_recurring.TestRecurringTripCreation" name="test_trip_auto_price_calculation" time="1.004" /><testcase classname="tests.test_suggestions_pricing_recurring.TestMyTripsAndShipments" name="test_get_my_trips" time="0.345" /><testcase classname="tests.test_suggestions_pricing_recurring.TestMyTripsAndShipments" name="test_get_my_shipments" time="0.297" /></testsuite></testsuites>