<?xml version="1.0" encoding="utf-8"?><testsuites name="pytest tests"><testsuite name="pytest" errors="0" failures="0" skipped="0" tests="27" time="7.467" timestamp="2026-01-12T15:59:58.057293+00:00" hostname="agent-env-93856627-2109-49b0-8b78-9e9b9227a106"><testcase classname="tests.test_levva_api.TestHealthCheck" name="test_health_endpoint" time="0.056" /><testcase classname="tests.test_levva_api.TestAuthentication" name="test_login_regular_user" time="0.261" /><testcase classname="tests.test_levva_api.TestAuthentication" name="test_login_admin_user" time="0.260" /><testcase classname="tests.test_levva_api.TestAuthentication" name="test_login_invalid_credentials" time="0.038" /><testcase classname="tests.test_levva_api.TestMatches" name="test_get_my_matches" time="0.302" /><testcase classname="tests.test_levva_api.TestMatches" name="test_get_match_details" time="0.301" /><testcase classname="tests.test_levva_api.TestMatches" name="test_get_match_details_not_found" time="0.302" /><testcase classname="tests.test_levva_api.TestChat" name="test_get_chat_messages" time="0.300" /><testcase classname="tests.test_levva_api.TestChat" name="test_send_chat_message" time="0.296" /><testcase classname="tests.test_levva_api.TestChat" name="test_chat_unauthorized_match" time="0.297" /><testcase classname="tests.test_levva_api.TestAdmin" name="test_get_admin_stats" time="0.339" /><testcase classname="tests.test_levva_api.TestAdmin" name="test_get_pending_verifications" time="0.294" /><testcase classname="tests.test_levva_api.TestAdmin" name="test_admin_stats_unauthorized" time="0.295" /><testcase classname="tests.test_levva_api.TestMatchCreation" name="test_create_match" time="0.340" /><testcase classname="tests.test_uploads_payments.TestUploadPresignedUrl" name="test_generate_presigned_url_profile_photo" time="0.298" /><testcase classname="tests.test_uploads_payments.TestUploadPresignedUrl" name="test_generate_presigned_url_id_document" time="0.300" /><testcase classname="tests.test_uploads_payments.TestUploadPresignedUrl" name="test_generate_presigned_url_selfie" time="0.301" /><testcase classname="tests.test_uploads_payments.TestUploadPresignedUrl" name="test_generate_presigned_url_unauthorized" time="0.079" /><testcase classname="tests.test_uploads_payments.TestUploadConfirm" name="test_confirm_upload_success" time="0.380" /><testcase classname="tests.test_uploads_payments.TestUploadConfirm" name="test_confirm_upload_missing_file_key" time="0.314" /><testcase classname="tests.test_uploads_payments.TestPaymentInitiate" name="test_initiate_payment_success" time="0.764" /><testcase classname="tests.test_uploads_payments.TestPaymentInitiate" name="test_initiate_payment_invalid_match" time="0.297" /><testcase classname="tests.test_uploads_payments.TestPaymentInitiate" name="test_initiate_payment_unauthorized" time="0.035" /><testcase classname="tests.test_uploads_payments.TestPaymentStatus" name="test_get_payment_status_existing" time="0.294" /><testcase classname="tests.test_uploads_payments.TestPaymentStatus" name="test_get_payment_status_not_initiated" time="0.290" /><testcase classname="tests.test_uploads_payments.TestPaymentStatus" name="test_get_payment_status_unauthorized" time="0.034" /><testcase classname="tests.test_uploads_payments.TestUploadFileUrl" name="test_get_file_url" time="0.334" /></testsuite></testsuites>