<?xml version="1.0" encoding="utf-8"?><testsuites name="pytest tests"><testsuite name="pytest" errors="0" failures="0" skipped="0" tests="8" time="11.030" timestamp="2026-01-19T20:13:45.158055+00:00" hostname="agent-env-53b2dc4e-15c8-4755-b952-6dc20975953d"><testcase classname="tests.test_direct_upload.TestDirectUploadEndpoint" name="test_direct_upload_jpeg_success" time="1.165" /><testcase classname="tests.test_direct_upload.TestDirectUploadEndpoint" name="test_direct_upload_png_success" time="1.182" /><testcase classname="tests.test_direct_upload.TestDirectUploadEndpoint" name="test_direct_upload_webp_success" time="1.169" /><testcase classname="tests.test_direct_upload.TestDirectUploadEndpoint" name="test_direct_upload_unauthorized" time="0.037" /><testcase classname="tests.test_direct_upload.TestDirectUploadEndpoint" name="test_direct_upload_invalid_content_type" time="0.302" /><testcase classname="tests.test_direct_upload.TestDirectUploadEndpoint" name="test_direct_upload_file_too_large" time="0.393" /><testcase classname="tests.test_direct_upload.TestDirectUploadEndpoint" name="test_direct_upload_different_file_types" time="5.614" /><testcase classname="tests.test_direct_upload.TestDirectUploadIntegration" name="test_upload_and_verify_url_structure" time="1.107" /></testsuite></testsuites>