<?xml version="1.0" encoding="utf-8"?><testsuites name="pytest tests"><testsuite name="pytest" errors="0" failures="0" skipped="0" tests="13" time="4.804" timestamp="2026-01-12T17:34:55.132581+00:00" hostname="agent-env-78026a00-89fa-49b0-88ca-d48172e2efb9"><testcase classname="tests.test_suggestions_pricing_recurring.TestHealthCheck" name="test_api_health" time="0.055" /><testcase classname="tests.test_suggestions_pricing_recurring.TestCalculateSuggestedPrice" name="test_calculate_price_sp_to_campinas" time="0.037" /><testcase classname="tests.test_suggestions_pricing_recurring.TestCalculateSuggestedPrice" name="test_calculate_price_short_distance" time="0.040" /><testcase classname="tests.test_suggestions_pricing_recurring.TestCalculateSuggestedPrice" name="test_calculate_price_long_distance" time="0.035" /><testcase classname="tests.test_suggestions_pricing_recurring.TestMatchSuggestions" name="test_carrier_gets_shipment_suggestions" time="0.393" /><testcase classname="tests.test_suggestions_pricing_recurring.TestMatchSuggestions" name="test_sender_gets_trip_suggestions" time="0.363" /><testcase classname="tests.test_suggestions_pricing_recurring.TestMatchSuggestions" name="test_suggestions_sorted_by_score" time="0.371" /><testcase classname="tests.test_suggestions_pricing_recurring.TestMatchSuggestions" name="test_suggestions_require_auth" time="0.039" /><testcase classname="tests.test_suggestions_pricing_recurring.TestRecurringTripCreation" name="test_create_recurring_trip" time="0.810" /><testcase classname="tests.test_suggestions_pricing_recurring.TestRecurringTripCreation" name="test_create_non_recurring_trip" time="0.894" /><testcase classname="tests.test_suggestions_pricing_recurring.TestRecurringTripCreation" name="test_trip_auto_price_calculation" time="1.003" /><testcase classname="tests.test_suggestions_pricing_recurring.TestMyTripsAndShipments" name="test_get_my_trips" time="0.385" /><testcase classname="tests.test_suggestions_pricing_recurring.TestMyTripsAndShipments" name="test_get_my_shipments" time="0.328" /></testsuite></testsuites>