<?xml version="1.0" encoding="utf-8"?><testsuites name="pytest tests"><testsuite name="pytest" errors="0" failures="1" skipped="0" tests="11" time="5.681" timestamp="2026-01-20T18:46:00.850404+00:00" hostname="agent-env-0fec7f93-54d3-4797-9b48-202268441aa9"><testcase classname="tests.test_payment_flow_reactive_pricing.TestReactivePricing" name="test_price_changes_with_weight_5kg" time="0.364" /><testcase classname="tests.test_payment_flow_reactive_pricing.TestReactivePricing" name="test_price_changes_with_weight_20kg" time="0.347" /><testcase classname="tests.test_payment_flow_reactive_pricing.TestReactivePricing" name="test_price_changes_with_location" time="0.341" /><testcase classname="tests.test_payment_flow_reactive_pricing.TestReactivePricing" name="test_price_estimate_no_auth" time="0.437"><failure message="AssertionError: assert 'min_price' in {'currency': 'BRL', 'distance_km': 360.7, 'estimated_avg': 128.56, 'estimated_max': 220.44, ...}">tests/test_payment_flow_reactive_pricing.py:146: in test_price_estimate_no_auth
    assert "min_price" in data
E   AssertionError: assert 'min_price' in {'currency': 'BRL', 'distance_km': 360.7, 'estimated_avg': 128.56, 'estimated_max': 220.44, ...}</failure></testcase><testcase classname="tests.test_payment_flow_reactive_pricing.TestPaymentFlowEndpoints" name="test_mark_delivered_endpoint_exists" time="0.555" /><testcase classname="tests.test_payment_flow_reactive_pricing.TestPaymentFlowEndpoints" name="test_confirm_delivery_endpoint_exists" time="0.564" /><testcase classname="tests.test_payment_flow_reactive_pricing.TestPaymentFlowEndpoints" name="test_open_dispute_endpoint_exists" time="0.556" /><testcase classname="tests.test_payment_flow_reactive_pricing.TestPaymentFlowEndpoints" name="test_delivery_status_endpoint_exists" time="0.557" /><testcase classname="tests.test_payment_flow_reactive_pricing.TestPaymentFlowEndpoints" name="test_mark_delivered_requires_carrier_role" time="0.579" /><testcase classname="tests.test_payment_flow_reactive_pricing.TestPaymentFlowEndpoints" name="test_confirm_delivery_requires_sender_role" time="0.559" /><testcase classname="tests.test_payment_flow_reactive_pricing.TestPaymentFlowIntegration" name="test_complete_payment_flow" time="0.739" /></testsuite></testsuites>