<?xml version="1.0" encoding="utf-8"?><testsuites name="pytest tests"><testsuite name="pytest" errors="0" failures="0" skipped="0" tests="17" time="4.843" timestamp="2026-01-12T17:53:40.146660+00:00" hostname="agent-env-78026a00-89fa-49b0-88ca-d48172e2efb9"><testcase classname="tests.test_notifications_tracking.TestNotifications" name="test_get_notifications" time="0.337" /><testcase classname="tests.test_notifications_tracking.TestNotifications" name="test_get_notifications_with_limit" time="0.342" /><testcase classname="tests.test_notifications_tracking.TestNotifications" name="test_get_notifications_unread_only" time="0.297" /><testcase classname="tests.test_notifications_tracking.TestNotifications" name="test_get_unread_count" time="0.299" /><testcase classname="tests.test_notifications_tracking.TestNotifications" name="test_notifications_unauthorized" time="0.081" /><testcase classname="tests.test_notifications_tracking.TestNotificationActions" name="test_mark_notification_read" time="0.340" /><testcase classname="tests.test_notifications_tracking.TestNotificationActions" name="test_mark_notification_read_not_found" time="0.301" /><testcase classname="tests.test_notifications_tracking.TestNotificationActions" name="test_mark_all_notifications_read" time="0.307" /><testcase classname="tests.test_notifications_tracking.TestNotificationActions" name="test_delete_notification" time="0.331" /><testcase classname="tests.test_notifications_tracking.TestNotificationActions" name="test_delete_notification_not_found" time="0.299" /><testcase classname="tests.test_notifications_tracking.TestGPSTracking" name="test_get_tracking_status" time="0.300" /><testcase classname="tests.test_notifications_tracking.TestGPSTracking" name="test_get_tracking_status_not_found" time="0.331" /><testcase classname="tests.test_notifications_tracking.TestGPSTracking" name="test_get_tracking_history" time="0.296" /><testcase classname="tests.test_notifications_tracking.TestGPSTracking" name="test_get_tracking_history_with_limit" time="0.292" /><testcase classname="tests.test_notifications_tracking.TestGPSTracking" name="test_get_tracking_history_not_found" time="0.297" /><testcase classname="tests.test_notifications_tracking.TestGPSTracking" name="test_tracking_unauthorized" time="0.036" /><testcase classname="tests.test_notifications_tracking.TestTrackingAccessControl" name="test_tracking_access_denied_for_non_participant" time="0.287" /></testsuite></testsuites>