<?xml version="1.0" encoding="utf-8"?><testsuites name="pytest tests"><testsuite name="pytest" errors="0" failures="0" skipped="0" tests="11" time="5.488" timestamp="2026-01-20T18:46:25.012978+00:00" hostname="agent-env-0fec7f93-54d3-4797-9b48-202268441aa9"><testcase classname="tests.test_payment_flow_reactive_pricing.TestReactivePricing" name="test_price_changes_with_weight_5kg" time="0.321" /><testcase classname="tests.test_payment_flow_reactive_pricing.TestReactivePricing" name="test_price_changes_with_weight_20kg" time="0.332" /><testcase classname="tests.test_payment_flow_reactive_pricing.TestReactivePricing" name="test_price_changes_with_location" time="0.334" /><testcase classname="tests.test_payment_flow_reactive_pricing.TestReactivePricing" name="test_price_estimate_no_auth" time="0.297" /><testcase classname="tests.test_payment_flow_reactive_pricing.TestPaymentFlowEndpoints" name="test_mark_delivered_endpoint_exists" time="0.564" /><testcase classname="tests.test_payment_flow_reactive_pricing.TestPaymentFlowEndpoints" name="test_confirm_delivery_endpoint_exists" time="0.550" /><testcase classname="tests.test_payment_flow_reactive_pricing.TestPaymentFlowEndpoints" name="test_open_dispute_endpoint_exists" time="0.555" /><testcase classname="tests.test_payment_flow_reactive_pricing.TestPaymentFlowEndpoints" name="test_delivery_status_endpoint_exists" time="0.551" /><testcase classname="tests.test_payment_flow_reactive_pricing.TestPaymentFlowEndpoints" name="test_mark_delivered_requires_carrier_role" time="0.553" /><testcase classname="tests.test_payment_flow_reactive_pricing.TestPaymentFlowEndpoints" name="test_confirm_delivery_requires_sender_role" time="0.594" /><testcase classname="tests.test_payment_flow_reactive_pricing.TestPaymentFlowIntegration" name="test_complete_payment_flow" time="0.775" /></testsuite></testsuites>